<?xml version="1.0" encoding="UTF-8"?>
<testng-results skipped="0" failed="0" total="1" passed="1">
  <reporter-output>
  </reporter-output>
  <suite name="Default suite" duration-ms="32" started-at="2014-08-17T02:35:48Z" finished-at="2014-08-17T02:35:48Z">
    <groups>
    </groups>
    <test name="Default test" duration-ms="32" started-at="2014-08-17T02:35:48Z" finished-at="2014-08-17T02:35:48Z">
      <class name="com.ebay.test.framework.DemoTest">
        <test-method status="PASS" signature="beforeClass()[pri:0, instance:com.ebay.test.framework.DemoTest@4657104d]" name="beforeClass" is-config="true" duration-ms="11" started-at="2014-08-16T22:35:48Z" finished-at="2014-08-16T22:35:48Z">
          <reporter-output>
          </reporter-output>
        </test-method> <!-- beforeClass -->
        <test-method status="PASS" signature="beforeMethod()[pri:0, instance:com.ebay.test.framework.DemoTest@4657104d]" name="beforeMethod" is-config="true" duration-ms="0" started-at="2014-08-16T22:35:48Z" finished-at="2014-08-16T22:35:48Z">
          <reporter-output>
          </reporter-output>
        </test-method> <!-- beforeMethod -->
        <test-method status="PASS" signature="testOne()[pri:0, instance:com.ebay.test.framework.DemoTest@4657104d]" name="testOne" duration-ms="6" started-at="2014-08-16T22:35:48Z" finished-at="2014-08-16T22:35:48Z">
          <reporter-output>
          </reporter-output>
        </test-method> <!-- testOne -->
        <test-method status="PASS" signature="afterMethod()[pri:0, instance:com.ebay.test.framework.DemoTest@4657104d]" name="afterMethod" is-config="true" duration-ms="1" started-at="2014-08-16T22:35:48Z" finished-at="2014-08-16T22:35:48Z">
          <reporter-output>
          </reporter-output>
        </test-method> <!-- afterMethod -->
        <test-method status="PASS" signature="afterClass()[pri:0, instance:com.ebay.test.framework.DemoTest@4657104d]" name="afterClass" is-config="true" duration-ms="0" started-at="2014-08-16T22:35:48Z" finished-at="2014-08-16T22:35:48Z">
          <reporter-output>
          </reporter-output>
        </test-method> <!-- afterClass -->
      </class> <!-- com.ebay.test.framework.DemoTest -->
    </test> <!-- Default test -->
  </suite> <!-- Default suite -->
</testng-results>
